Adder2-8-s
-
Tool       Not LU Existential   Not LU Universal     Not One-Sided        One-Sided Moved     
cnf-mv     0                    0                    0                    2464                
cnf-mb     0                    0                    0                    2464                
kissat     0                    0                    0                    0                   
-
Tool       Found                Moved                BiEQ Moved           AND/OR Moved         XOR Moved           
cnf-mv     4399                 2464                 0                    0                    0                   
cnf-mb     4399                 2464                 0                    0                    0                   
kissat     0                    0                    0                    0                    0                   
combined   4399                 2464                 0                    0                    0                   
incrementer-enc07-nonuniform-depth-25
-
Tool       Not LU Existential   Not LU Universal     Not One-Sided        One-Sided Moved     
cnf-mv     26                   0                    0                    325                 
cnf-mb     3                    0                    0                    15                  
kissat     0                    0                    0                    0                   
-
Tool       Found                Moved                BiEQ Moved           AND/OR Moved         XOR Moved           
cnf-mv     16184                11184                2026                 8831                 0                   
cnf-mb     1473                 850                  147                  686                  0                   
kissat     15591                13291                2784                 10117                390                 
combined   17321                13837                2888                 10559                390                 
irst.dme6.B-d4
-
Tool       Not LU Existential   Not LU Universal     Not One-Sided        One-Sided Moved     
cnf-mv     24                   0                    24                   0                   
cnf-mb     0                    0                    0                    0                   
kissat     63                   28                   0                    0                   
-
Tool       Found                Moved                BiEQ Moved           AND/OR Moved         XOR Moved           
cnf-mv     1620                 600                  0                    576                  0                   
cnf-mb     1608                 528                  0                    504                  0                   
kissat     1701                 72                   0                    72                   0                   
combined   1701                 720                  0                    720                  0                   
k_branch_p-21
-
Tool       Not LU Existential   Not LU Universal     Not One-Sided        One-Sided Moved     
cnf-mv     1060                 1                    55                   0                   
cnf-mb     947                  1                    54                   0                   
kissat     4540                 0                    0                    0                   
-
Tool       Found                Moved                BiEQ Moved           AND/OR Moved         XOR Moved           
cnf-mv     5845                 4017                 0                    0                    0                   
cnf-mb     5190                 3613                 0                    0                    0                   
kissat     11090                7968                 0                    7968                 0                   
combined   11160                7968                 0                    7968                 0                   
nreachq_query71_1344
-
Tool       Not LU Existential   Not LU Universal     Not One-Sided        One-Sided Moved     
cnf-mv     1                    0                    0                    9                   
cnf-mb     1                    0                    0                    9                   
kissat     0                    0                    0                    0                   
-
Tool       Found                Moved                BiEQ Moved           AND/OR Moved         XOR Moved           
cnf-mv     6510                 9                    0                    0                    0                   
cnf-mb     6510                 9                    0                    0                    0                   
kissat     0                    0                    0                    0                    0                   
combined   6510                 9                    0                    0                    0                   
nusmv.tcas^3.B-f2
-
Tool       Not LU Existential   Not LU Universal     Not One-Sided        One-Sided Moved     
cnf-mv     15                   0                    15                   0                   
cnf-mb     13                   0                    13                   0                   
kissat     67                   16                   0                    0                   
-
Tool       Found                Moved                BiEQ Moved           AND/OR Moved         XOR Moved           
cnf-mv     9291                 4942                 0                    3333                 0                   
cnf-mb     9290                 4941                 0                    3332                 0                   
kissat     9330                 3899                 0                    3899                 0                   
combined   9346                 5128                 0                    5128                 0                   
unit11_3_b
-
Tool       Not LU Existential   Not LU Universal     Not One-Sided        One-Sided Moved     
cnf-mv     0                    0                    0                    0                   
cnf-mb     0                    0                    0                    0                   
kissat     0                    0                    0                    0                   
-
Tool       Found                Moved                BiEQ Moved           AND/OR Moved         XOR Moved           
cnf-mv     1698                 1592                 0                    1541                 0                   
cnf-mb     1698                 1592                 0                    1541                 0                   
kissat     1697                 1592                 0                    1592                 0                   
combined   1698                 1592                 0                    1592                 0                   
