The system is: Linux - 3.10.0-1160.42.2.el7.x86_64 - x86_64
Compiling the C compiler identification source file "CMakeCCompilerId.c" succeeded.
Compiler: /root/.gcc/10.2.0/bin/gcc 
Build flags: 
Id flags:  

The output was:
0


Compilation of the C compiler identification source "CMakeCCompilerId.c" produced "a.out"

The C compiler identification is GNU, found in "/root/cnftools/build/CMakeFiles/3.17.3/CompilerIdC/a.out"

Compiling the CXX compiler identification source file "CMakeCXXCompilerId.cpp" succeeded.
Compiler: /root/.gcc/10.2.0/bin/g++ 
Build flags: 
Id flags:  

The output was:
0


Compilation of the CXX compiler identification source "CMakeCXXCompilerId.cpp" produced "a.out"

The CXX compiler identification is GNU, found in "/root/cnftools/build/CMakeFiles/3.17.3/CompilerIdCXX/a.out"

Determining if the C compiler works passed with the following output:
Change Dir: /root/cnftools/build/CMakeFiles/CMakeTmp

Run Build Command(s):/bin/gmake cmTC_a6010/fast && /bin/gmake  -f CMakeFiles/cmTC_a6010.dir/build.make CMakeFiles/cmTC_a6010.dir/build
gmake[1]: Entering directory `/root/cnftools/build/CMakeFiles/CMakeTmp'
Building C object CMakeFiles/cmTC_a6010.dir/testCCompiler.c.o
/root/.gcc/10.2.0/bin/gcc    -o CMakeFiles/cmTC_a6010.dir/testCCompiler.c.o   -c /root/cnftools/build/CMakeFiles/CMakeTmp/testCCompiler.c
Linking C executable cmTC_a6010
/usr/local/bin/cmake -E cmake_link_script CMakeFiles/cmTC_a6010.dir/link.txt --verbose=1
/root/.gcc/10.2.0/bin/gcc      CMakeFiles/cmTC_a6010.dir/testCCompiler.c.o  -o cmTC_a6010 
gmake[1]: Leaving directory `/root/cnftools/build/CMakeFiles/CMakeTmp'



Detecting C compiler ABI info compiled with the following output:
Change Dir: /root/cnftools/build/CMakeFiles/CMakeTmp

Run Build Command(s):/bin/gmake cmTC_9d1cb/fast && /bin/gmake  -f CMakeFiles/cmTC_9d1cb.dir/build.make CMakeFiles/cmTC_9d1cb.dir/build
gmake[1]: Entering directory `/root/cnftools/build/CMakeFiles/CMakeTmp'
Building C object CMakeFiles/cmTC_9d1cb.dir/CMakeCCompilerABI.c.o
/root/.gcc/10.2.0/bin/gcc   -v -o CMakeFiles/cmTC_9d1cb.dir/CMakeCCompilerABI.c.o   -c /usr/local/share/cmake-3.17/Modules/CMakeCCompilerABI.c
Using built-in specs.
COLLECT_GCC=/root/.gcc/10.2.0/bin/gcc
Target: x86_64-pc-linux-gnu
Configured with: ../gcc-10.2.0/configure --enable-languages=c,c++ --disable-multilib --prefix=/root/.gcc/10.2.0
Thread model: posix
Supported LTO compression algorithms: zlib
gcc version 10.2.0 (GCC) 
COLLECT_GCC_OPTIONS='-v' '-o' 'CMakeFiles/cmTC_9d1cb.dir/CMakeCCompilerABI.c.o' '-c' '-mtune=generic' '-march=x86-64'
 /root/.gcc/10.2.0/libexec/gcc/x86_64-pc-linux-gnu/10.2.0/cc1 -quiet -v /usr/local/share/cmake-3.17/Modules/CMakeCCompilerABI.c -quiet -dumpbase CMakeCCompilerABI.c -mtune=generic -march=x86-64 -auxbase-strip CMakeFiles/cmTC_9d1cb.dir/CMakeCCompilerABI.c.o -version -o /tmp/cc31Ou90.s
GNU C17 (GCC) version 10.2.0 (x86_64-pc-linux-gnu)
	compiled by GNU C version 10.2.0, GMP version 6.0.0, MPFR version 3.1.1, MPC version 1.0.1, isl version none
GGC heuristics: --param ggc-min-expand=100 --param ggc-min-heapsize=131072
ignoring nonexistent directory "/root/.gcc/10.2.0/lib/gcc/x86_64-pc-linux-gnu/10.2.0/../../../../x86_64-pc-linux-gnu/include"
#include "..." search starts here:
#include <...> search starts here:
 /root/.gcc/10.2.0/lib/gcc/x86_64-pc-linux-gnu/10.2.0/include
 /usr/local/include
 /root/.gcc/10.2.0/include
 /root/.gcc/10.2.0/lib/gcc/x86_64-pc-linux-gnu/10.2.0/include-fixed
 /usr/include
End of search list.
GNU C17 (GCC) version 10.2.0 (x86_64-pc-linux-gnu)
	compiled by GNU C version 10.2.0, GMP version 6.0.0, MPFR version 3.1.1, MPC version 1.0.1, isl version none
GGC heuristics: --param ggc-min-expand=100 --param ggc-min-heapsize=131072
Compiler executable checksum: e9a1a3c67eeb12eaa7ae7e216afdde22
COLLECT_GCC_OPTIONS='-v' '-o' 'CMakeFiles/cmTC_9d1cb.dir/CMakeCCompilerABI.c.o' '-c' '-mtune=generic' '-march=x86-64'
 as -v --64 -o CMakeFiles/cmTC_9d1cb.dir/CMakeCCompilerABI.c.o /tmp/cc31Ou90.s
GNU assembler version 2.27 (x86_64-redhat-linux) using BFD version version 2.27-44.base.el7
COMPILER_PATH=/root/.gcc/10.2.0/libexec/gcc/x86_64-pc-linux-gnu/10.2.0/:/root/.gcc/10.2.0/libexec/gcc/x86_64-pc-linux-gnu/10.2.0/:/root/.gcc/10.2.0/libexec/gcc/x86_64-pc-linux-gnu/:/root/.gcc/10.2.0/lib/gcc/x86_64-pc-linux-gnu/10.2.0/:/root/.gcc/10.2.0/lib/gcc/x86_64-pc-linux-gnu/
LIBRARY_PATH=/root/.gcc/10.2.0/lib/gcc/x86_64-pc-linux-gnu/10.2.0/:/root/.gcc/10.2.0/lib/gcc/x86_64-pc-linux-gnu/10.2.0/../../../../lib64/:/lib/../lib64/:/usr/lib/../lib64/:/root/.gcc/10.2.0/lib/gcc/x86_64-pc-linux-gnu/10.2.0/../../../:/lib/:/usr/lib/
COLLECT_GCC_OPTIONS='-v' '-o' 'CMakeFiles/cmTC_9d1cb.dir/CMakeCCompilerABI.c.o' '-c' '-mtune=generic' '-march=x86-64'
Linking C executable cmTC_9d1cb
/usr/local/bin/cmake -E cmake_link_script CMakeFiles/cmTC_9d1cb.dir/link.txt --verbose=1
/root/.gcc/10.2.0/bin/gcc     -v CMakeFiles/cmTC_9d1cb.dir/CMakeCCompilerABI.c.o  -o cmTC_9d1cb 
Using built-in specs.
COLLECT_GCC=/root/.gcc/10.2.0/bin/gcc
COLLECT_LTO_WRAPPER=/root/.gcc/10.2.0/libexec/gcc/x86_64-pc-linux-gnu/10.2.0/lto-wrapper
Target: x86_64-pc-linux-gnu
Configured with: ../gcc-10.2.0/configure --enable-languages=c,c++ --disable-multilib --prefix=/root/.gcc/10.2.0
Thread model: posix
Supported LTO compression algorithms: zlib
gcc version 10.2.0 (GCC) 
COMPILER_PATH=/root/.gcc/10.2.0/libexec/gcc/x86_64-pc-linux-gnu/10.2.0/:/root/.gcc/10.2.0/libexec/gcc/x86_64-pc-linux-gnu/10.2.0/:/root/.gcc/10.2.0/libexec/gcc/x86_64-pc-linux-gnu/:/root/.gcc/10.2.0/lib/gcc/x86_64-pc-linux-gnu/10.2.0/:/root/.gcc/10.2.0/lib/gcc/x86_64-pc-linux-gnu/
LIBRARY_PATH=/root/.gcc/10.2.0/lib/gcc/x86_64-pc-linux-gnu/10.2.0/:/root/.gcc/10.2.0/lib/gcc/x86_64-pc-linux-gnu/10.2.0/../../../../lib64/:/lib/../lib64/:/usr/lib/../lib64/:/root/.gcc/10.2.0/lib/gcc/x86_64-pc-linux-gnu/10.2.0/../../../:/lib/:/usr/lib/
COLLECT_GCC_OPTIONS='-v' '-o' 'cmTC_9d1cb' '-mtune=generic' '-march=x86-64'
 /root/.gcc/10.2.0/libexec/gcc/x86_64-pc-linux-gnu/10.2.0/collect2 -plugin /root/.gcc/10.2.0/libexec/gcc/x86_64-pc-linux-gnu/10.2.0/liblto_plugin.so -plugin-opt=/root/.gcc/10.2.0/libexec/gcc/x86_64-pc-linux-gnu/10.2.0/lto-wrapper -plugin-opt=-fresolution=/tmp/ccygWGe4.res -plugin-opt=-pass-through=-lgcc -plugin-opt=-pass-through=-lgcc_s -plugin-opt=-pass-through=-lc -plugin-opt=-pass-through=-lgcc -plugin-opt=-pass-through=-lgcc_s --eh-frame-hdr -m elf_x86_64 -dynamic-linker /lib64/ld-linux-x86-64.so.2 -o cmTC_9d1cb /lib/../lib64/crt1.o /lib/../lib64/crti.o /root/.gcc/10.2.0/lib/gcc/x86_64-pc-linux-gnu/10.2.0/crtbegin.o -L/root/.gcc/10.2.0/lib/gcc/x86_64-pc-linux-gnu/10.2.0 -L/root/.gcc/10.2.0/lib/gcc/x86_64-pc-linux-gnu/10.2.0/../../../../lib64 -L/lib/../lib64 -L/usr/lib/../lib64 -L/root/.gcc/10.2.0/lib/gcc/x86_64-pc-linux-gnu/10.2.0/../../.. CMakeFiles/cmTC_9d1cb.dir/CMakeCCompilerABI.c.o -lgcc --as-needed -lgcc_s --no-as-needed -lc -lgcc --as-needed -lgcc_s --no-as-needed /root/.gcc/10.2.0/lib/gcc/x86_64-pc-linux-gnu/10.2.0/crtend.o /lib/../lib64/crtn.o
COLLECT_GCC_OPTIONS='-v' '-o' 'cmTC_9d1cb' '-mtune=generic' '-march=x86-64'
gmake[1]: Leaving directory `/root/cnftools/build/CMakeFiles/CMakeTmp'



Parsed C implicit include dir info from above output: rv=done
  found start of include info
  found start of implicit include info
    add: [/root/.gcc/10.2.0/lib/gcc/x86_64-pc-linux-gnu/10.2.0/include]
    add: [/usr/local/include]
    add: [/root/.gcc/10.2.0/include]
    add: [/root/.gcc/10.2.0/lib/gcc/x86_64-pc-linux-gnu/10.2.0/include-fixed]
    add: [/usr/include]
  end of search list found
  collapse include dir [/root/.gcc/10.2.0/lib/gcc/x86_64-pc-linux-gnu/10.2.0/include] ==> [/root/.gcc/10.2.0/lib/gcc/x86_64-pc-linux-gnu/10.2.0/include]
  collapse include dir [/usr/local/include] ==> [/usr/local/include]
  collapse include dir [/root/.gcc/10.2.0/include] ==> [/root/.gcc/10.2.0/include]
  collapse include dir [/root/.gcc/10.2.0/lib/gcc/x86_64-pc-linux-gnu/10.2.0/include-fixed] ==> [/root/.gcc/10.2.0/lib/gcc/x86_64-pc-linux-gnu/10.2.0/include-fixed]
  collapse include dir [/usr/include] ==> [/usr/include]
  implicit include dirs: [/root/.gcc/10.2.0/lib/gcc/x86_64-pc-linux-gnu/10.2.0/include;/usr/local/include;/root/.gcc/10.2.0/include;/root/.gcc/10.2.0/lib/gcc/x86_64-pc-linux-gnu/10.2.0/include-fixed;/usr/include]


Parsed C implicit link information from above output:
  link line regex: [^( *|.*[/\])(ld|CMAKE_LINK_STARTFILE-NOTFOUND|([^/\]+-)?ld|collect2)[^/\]*( |$)]
  ignore line: [Change Dir: /root/cnftools/build/CMakeFiles/CMakeTmp]
  ignore line: []
  ignore line: [Run Build Command(s):/bin/gmake cmTC_9d1cb/fast && /bin/gmake  -f CMakeFiles/cmTC_9d1cb.dir/build.make CMakeFiles/cmTC_9d1cb.dir/build]
  ignore line: [gmake[1]: Entering directory `/root/cnftools/build/CMakeFiles/CMakeTmp']
  ignore line: [Building C object CMakeFiles/cmTC_9d1cb.dir/CMakeCCompilerABI.c.o]
  ignore line: [/root/.gcc/10.2.0/bin/gcc   -v -o CMakeFiles/cmTC_9d1cb.dir/CMakeCCompilerABI.c.o   -c /usr/local/share/cmake-3.17/Modules/CMakeCCompilerABI.c]
  ignore line: [Using built-in specs.]
  ignore line: [COLLECT_GCC=/root/.gcc/10.2.0/bin/gcc]
  ignore line: [Target: x86_64-pc-linux-gnu]
  ignore line: [Configured with: ../gcc-10.2.0/configure --enable-languages=c c++ --disable-multilib --prefix=/root/.gcc/10.2.0]
  ignore line: [Thread model: posix]
  ignore line: [Supported LTO compression algorithms: zlib]
  ignore line: [gcc version 10.2.0 (GCC) ]
  ignore line: [COLLECT_GCC_OPTIONS='-v' '-o' 'CMakeFiles/cmTC_9d1cb.dir/CMakeCCompilerABI.c.o' '-c' '-mtune=generic' '-march=x86-64']
  ignore line: [ /root/.gcc/10.2.0/libexec/gcc/x86_64-pc-linux-gnu/10.2.0/cc1 -quiet -v /usr/local/share/cmake-3.17/Modules/CMakeCCompilerABI.c -quiet -dumpbase CMakeCCompilerABI.c -mtune=generic -march=x86-64 -auxbase-strip CMakeFiles/cmTC_9d1cb.dir/CMakeCCompilerABI.c.o -version -o /tmp/cc31Ou90.s]
  ignore line: [GNU C17 (GCC) version 10.2.0 (x86_64-pc-linux-gnu)]
  ignore line: [	compiled by GNU C version 10.2.0  GMP version 6.0.0  MPFR version 3.1.1  MPC version 1.0.1  isl version none]
  ignore line: [GGC heuristics: --param ggc-min-expand=100 --param ggc-min-heapsize=131072]
  ignore line: [ignoring nonexistent directory "/root/.gcc/10.2.0/lib/gcc/x86_64-pc-linux-gnu/10.2.0/../../../../x86_64-pc-linux-gnu/include"]
  ignore line: [#include "..." search starts here:]
  ignore line: [#include <...> search starts here:]
  ignore line: [ /root/.gcc/10.2.0/lib/gcc/x86_64-pc-linux-gnu/10.2.0/include]
  ignore line: [ /usr/local/include]
  ignore line: [ /root/.gcc/10.2.0/include]
  ignore line: [ /root/.gcc/10.2.0/lib/gcc/x86_64-pc-linux-gnu/10.2.0/include-fixed]
  ignore line: [ /usr/include]
  ignore line: [End of search list.]
  ignore line: [GNU C17 (GCC) version 10.2.0 (x86_64-pc-linux-gnu)]
  ignore line: [	compiled by GNU C version 10.2.0  GMP version 6.0.0  MPFR version 3.1.1  MPC version 1.0.1  isl version none]
  ignore line: [GGC heuristics: --param ggc-min-expand=100 --param ggc-min-heapsize=131072]
  ignore line: [Compiler executable checksum: e9a1a3c67eeb12eaa7ae7e216afdde22]
  ignore line: [COLLECT_GCC_OPTIONS='-v' '-o' 'CMakeFiles/cmTC_9d1cb.dir/CMakeCCompilerABI.c.o' '-c' '-mtune=generic' '-march=x86-64']
  ignore line: [ as -v --64 -o CMakeFiles/cmTC_9d1cb.dir/CMakeCCompilerABI.c.o /tmp/cc31Ou90.s]
  ignore line: [GNU assembler version 2.27 (x86_64-redhat-linux) using BFD version version 2.27-44.base.el7]
  ignore line: [COMPILER_PATH=/root/.gcc/10.2.0/libexec/gcc/x86_64-pc-linux-gnu/10.2.0/:/root/.gcc/10.2.0/libexec/gcc/x86_64-pc-linux-gnu/10.2.0/:/root/.gcc/10.2.0/libexec/gcc/x86_64-pc-linux-gnu/:/root/.gcc/10.2.0/lib/gcc/x86_64-pc-linux-gnu/10.2.0/:/root/.gcc/10.2.0/lib/gcc/x86_64-pc-linux-gnu/]
  ignore line: [LIBRARY_PATH=/root/.gcc/10.2.0/lib/gcc/x86_64-pc-linux-gnu/10.2.0/:/root/.gcc/10.2.0/lib/gcc/x86_64-pc-linux-gnu/10.2.0/../../../../lib64/:/lib/../lib64/:/usr/lib/../lib64/:/root/.gcc/10.2.0/lib/gcc/x86_64-pc-linux-gnu/10.2.0/../../../:/lib/:/usr/lib/]
  ignore line: [COLLECT_GCC_OPTIONS='-v' '-o' 'CMakeFiles/cmTC_9d1cb.dir/CMakeCCompilerABI.c.o' '-c' '-mtune=generic' '-march=x86-64']
  ignore line: [Linking C executable cmTC_9d1cb]
  ignore line: [/usr/local/bin/cmake -E cmake_link_script CMakeFiles/cmTC_9d1cb.dir/link.txt --verbose=1]
  ignore line: [/root/.gcc/10.2.0/bin/gcc     -v CMakeFiles/cmTC_9d1cb.dir/CMakeCCompilerABI.c.o  -o cmTC_9d1cb ]
  ignore line: [Using built-in specs.]
  ignore line: [COLLECT_GCC=/root/.gcc/10.2.0/bin/gcc]
  ignore line: [COLLECT_LTO_WRAPPER=/root/.gcc/10.2.0/libexec/gcc/x86_64-pc-linux-gnu/10.2.0/lto-wrapper]
  ignore line: [Target: x86_64-pc-linux-gnu]
  ignore line: [Configured with: ../gcc-10.2.0/configure --enable-languages=c c++ --disable-multilib --prefix=/root/.gcc/10.2.0]
  ignore line: [Thread model: posix]
  ignore line: [Supported LTO compression algorithms: zlib]
  ignore line: [gcc version 10.2.0 (GCC) ]
  ignore line: [COMPILER_PATH=/root/.gcc/10.2.0/libexec/gcc/x86_64-pc-linux-gnu/10.2.0/:/root/.gcc/10.2.0/libexec/gcc/x86_64-pc-linux-gnu/10.2.0/:/root/.gcc/10.2.0/libexec/gcc/x86_64-pc-linux-gnu/:/root/.gcc/10.2.0/lib/gcc/x86_64-pc-linux-gnu/10.2.0/:/root/.gcc/10.2.0/lib/gcc/x86_64-pc-linux-gnu/]
  ignore line: [LIBRARY_PATH=/root/.gcc/10.2.0/lib/gcc/x86_64-pc-linux-gnu/10.2.0/:/root/.gcc/10.2.0/lib/gcc/x86_64-pc-linux-gnu/10.2.0/../../../../lib64/:/lib/../lib64/:/usr/lib/../lib64/:/root/.gcc/10.2.0/lib/gcc/x86_64-pc-linux-gnu/10.2.0/../../../:/lib/:/usr/lib/]
  ignore line: [COLLECT_GCC_OPTIONS='-v' '-o' 'cmTC_9d1cb' '-mtune=generic' '-march=x86-64']
  link line: [ /root/.gcc/10.2.0/libexec/gcc/x86_64-pc-linux-gnu/10.2.0/collect2 -plugin /root/.gcc/10.2.0/libexec/gcc/x86_64-pc-linux-gnu/10.2.0/liblto_plugin.so -plugin-opt=/root/.gcc/10.2.0/libexec/gcc/x86_64-pc-linux-gnu/10.2.0/lto-wrapper -plugin-opt=-fresolution=/tmp/ccygWGe4.res -plugin-opt=-pass-through=-lgcc -plugin-opt=-pass-through=-lgcc_s -plugin-opt=-pass-through=-lc -plugin-opt=-pass-through=-lgcc -plugin-opt=-pass-through=-lgcc_s --eh-frame-hdr -m elf_x86_64 -dynamic-linker /lib64/ld-linux-x86-64.so.2 -o cmTC_9d1cb /lib/../lib64/crt1.o /lib/../lib64/crti.o /root/.gcc/10.2.0/lib/gcc/x86_64-pc-linux-gnu/10.2.0/crtbegin.o -L/root/.gcc/10.2.0/lib/gcc/x86_64-pc-linux-gnu/10.2.0 -L/root/.gcc/10.2.0/lib/gcc/x86_64-pc-linux-gnu/10.2.0/../../../../lib64 -L/lib/../lib64 -L/usr/lib/../lib64 -L/root/.gcc/10.2.0/lib/gcc/x86_64-pc-linux-gnu/10.2.0/../../.. CMakeFiles/cmTC_9d1cb.dir/CMakeCCompilerABI.c.o -lgcc --as-needed -lgcc_s --no-as-needed -lc -lgcc --as-needed -lgcc_s --no-as-needed /root/.gcc/10.2.0/lib/gcc/x86_64-pc-linux-gnu/10.2.0/crtend.o /lib/../lib64/crtn.o]
    arg [/root/.gcc/10.2.0/libexec/gcc/x86_64-pc-linux-gnu/10.2.0/collect2] ==> ignore
    arg [-plugin] ==> ignore
    arg [/root/.gcc/10.2.0/libexec/gcc/x86_64-pc-linux-gnu/10.2.0/liblto_plugin.so] ==> ignore
    arg [-plugin-opt=/root/.gcc/10.2.0/libexec/gcc/x86_64-pc-linux-gnu/10.2.0/lto-wrapper] ==> ignore
    arg [-plugin-opt=-fresolution=/tmp/ccygWGe4.res] ==> ignore
    arg [-plugin-opt=-pass-through=-lgcc] ==> ignore
    arg [-plugin-opt=-pass-through=-lgcc_s] ==> ignore
    arg [-plugin-opt=-pass-through=-lc] ==> ignore
    arg [-plugin-opt=-pass-through=-lgcc] ==> ignore
    arg [-plugin-opt=-pass-through=-lgcc_s] ==> ignore
    arg [--eh-frame-hdr] ==> ignore
    arg [-m] ==> ignore
    arg [elf_x86_64] ==> ignore
    arg [-dynamic-linker] ==> ignore
    arg [/lib64/ld-linux-x86-64.so.2] ==> ignore
    arg [-o] ==> ignore
    arg [cmTC_9d1cb] ==> ignore
    arg [/lib/../lib64/crt1.o] ==> ignore
    arg [/lib/../lib64/crti.o] ==> ignore
    arg [/root/.gcc/10.2.0/lib/gcc/x86_64-pc-linux-gnu/10.2.0/crtbegin.o] ==> ignore
    arg [-L/root/.gcc/10.2.0/lib/gcc/x86_64-pc-linux-gnu/10.2.0] ==> dir [/root/.gcc/10.2.0/lib/gcc/x86_64-pc-linux-gnu/10.2.0]
    arg [-L/root/.gcc/10.2.0/lib/gcc/x86_64-pc-linux-gnu/10.2.0/../../../../lib64] ==> dir [/root/.gcc/10.2.0/lib/gcc/x86_64-pc-linux-gnu/10.2.0/../../../../lib64]
    arg [-L/lib/../lib64] ==> dir [/lib/../lib64]
    arg [-L/usr/lib/../lib64] ==> dir [/usr/lib/../lib64]
    arg [-L/root/.gcc/10.2.0/lib/gcc/x86_64-pc-linux-gnu/10.2.0/../../..] ==> dir [/root/.gcc/10.2.0/lib/gcc/x86_64-pc-linux-gnu/10.2.0/../../..]
    arg [CMakeFiles/cmTC_9d1cb.dir/CMakeCCompilerABI.c.o] ==> ignore
    arg [-lgcc] ==> lib [gcc]
    arg [--as-needed] ==> ignore
    arg [-lgcc_s] ==> lib [gcc_s]
    arg [--no-as-needed] ==> ignore
    arg [-lc] ==> lib [c]
    arg [-lgcc] ==> lib [gcc]
    arg [--as-needed] ==> ignore
    arg [-lgcc_s] ==> lib [gcc_s]
    arg [--no-as-needed] ==> ignore
    arg [/root/.gcc/10.2.0/lib/gcc/x86_64-pc-linux-gnu/10.2.0/crtend.o] ==> ignore
    arg [/lib/../lib64/crtn.o] ==> ignore
  collapse library dir [/root/.gcc/10.2.0/lib/gcc/x86_64-pc-linux-gnu/10.2.0] ==> [/root/.gcc/10.2.0/lib/gcc/x86_64-pc-linux-gnu/10.2.0]
  collapse library dir [/root/.gcc/10.2.0/lib/gcc/x86_64-pc-linux-gnu/10.2.0/../../../../lib64] ==> [/root/.gcc/10.2.0/lib64]
  collapse library dir [/lib/../lib64] ==> [/lib64]
  collapse library dir [/usr/lib/../lib64] ==> [/usr/lib64]
  collapse library dir [/root/.gcc/10.2.0/lib/gcc/x86_64-pc-linux-gnu/10.2.0/../../..] ==> [/root/.gcc/10.2.0/lib]
  implicit libs: [gcc;gcc_s;c;gcc;gcc_s]
  implicit dirs: [/root/.gcc/10.2.0/lib/gcc/x86_64-pc-linux-gnu/10.2.0;/root/.gcc/10.2.0/lib64;/lib64;/usr/lib64;/root/.gcc/10.2.0/lib]
  implicit fwks: []


Determining if the CXX compiler works passed with the following output:
Change Dir: /root/cnftools/build/CMakeFiles/CMakeTmp

Run Build Command(s):/bin/gmake cmTC_91b91/fast && /bin/gmake  -f CMakeFiles/cmTC_91b91.dir/build.make CMakeFiles/cmTC_91b91.dir/build
gmake[1]: Entering directory `/root/cnftools/build/CMakeFiles/CMakeTmp'
Building CXX object CMakeFiles/cmTC_91b91.dir/testCXXCompiler.cxx.o
/root/.gcc/10.2.0/bin/g++     -o CMakeFiles/cmTC_91b91.dir/testCXXCompiler.cxx.o -c /root/cnftools/build/CMakeFiles/CMakeTmp/testCXXCompiler.cxx
Linking CXX executable cmTC_91b91
/usr/local/bin/cmake -E cmake_link_script CMakeFiles/cmTC_91b91.dir/link.txt --verbose=1
/root/.gcc/10.2.0/bin/g++       CMakeFiles/cmTC_91b91.dir/testCXXCompiler.cxx.o  -o cmTC_91b91 
gmake[1]: Leaving directory `/root/cnftools/build/CMakeFiles/CMakeTmp'



Detecting CXX compiler ABI info compiled with the following output:
Change Dir: /root/cnftools/build/CMakeFiles/CMakeTmp

Run Build Command(s):/bin/gmake cmTC_55916/fast && /bin/gmake  -f CMakeFiles/cmTC_55916.dir/build.make CMakeFiles/cmTC_55916.dir/build
gmake[1]: Entering directory `/root/cnftools/build/CMakeFiles/CMakeTmp'
Building CXX object CMakeFiles/cmTC_55916.dir/CMakeCXXCompilerABI.cpp.o
/root/.gcc/10.2.0/bin/g++    -v -o CMakeFiles/cmTC_55916.dir/CMakeCXXCompilerABI.cpp.o -c /usr/local/share/cmake-3.17/Modules/CMakeCXXCompilerABI.cpp
Using built-in specs.
COLLECT_GCC=/root/.gcc/10.2.0/bin/g++
Target: x86_64-pc-linux-gnu
Configured with: ../gcc-10.2.0/configure --enable-languages=c,c++ --disable-multilib --prefix=/root/.gcc/10.2.0
Thread model: posix
Supported LTO compression algorithms: zlib
gcc version 10.2.0 (GCC) 
COLLECT_GCC_OPTIONS='-v' '-o' 'CMakeFiles/cmTC_55916.dir/CMakeCXXCompilerABI.cpp.o' '-c' '-shared-libgcc' '-mtune=generic' '-march=x86-64'
 /root/.gcc/10.2.0/libexec/gcc/x86_64-pc-linux-gnu/10.2.0/cc1plus -quiet -v -D_GNU_SOURCE /usr/local/share/cmake-3.17/Modules/CMakeCXXCompilerABI.cpp -quiet -dumpbase CMakeCXXCompilerABI.cpp -mtune=generic -march=x86-64 -auxbase-strip CMakeFiles/cmTC_55916.dir/CMakeCXXCompilerABI.cpp.o -version -o /tmp/ccMqXME1.s
GNU C++14 (GCC) version 10.2.0 (x86_64-pc-linux-gnu)
	compiled by GNU C version 10.2.0, GMP version 6.0.0, MPFR version 3.1.1, MPC version 1.0.1, isl version none
GGC heuristics: --param ggc-min-expand=100 --param ggc-min-heapsize=131072
ignoring nonexistent directory "/root/.gcc/10.2.0/lib/gcc/x86_64-pc-linux-gnu/10.2.0/../../../../x86_64-pc-linux-gnu/include"
#include "..." search starts here:
#include <...> search starts here:
 /root/.gcc/10.2.0/lib/gcc/x86_64-pc-linux-gnu/10.2.0/../../../../include/c++/10.2.0
 /root/.gcc/10.2.0/lib/gcc/x86_64-pc-linux-gnu/10.2.0/../../../../include/c++/10.2.0/x86_64-pc-linux-gnu
 /root/.gcc/10.2.0/lib/gcc/x86_64-pc-linux-gnu/10.2.0/../../../../include/c++/10.2.0/backward
 /root/.gcc/10.2.0/lib/gcc/x86_64-pc-linux-gnu/10.2.0/include
 /usr/local/include
 /root/.gcc/10.2.0/include
 /root/.gcc/10.2.0/lib/gcc/x86_64-pc-linux-gnu/10.2.0/include-fixed
 /usr/include
End of search list.
GNU C++14 (GCC) version 10.2.0 (x86_64-pc-linux-gnu)
	compiled by GNU C version 10.2.0, GMP version 6.0.0, MPFR version 3.1.1, MPC version 1.0.1, isl version none
GGC heuristics: --param ggc-min-expand=100 --param ggc-min-heapsize=131072
Compiler executable checksum: 41c913ec8c8d7dd83dd3a11ce6ca6b9e
COLLECT_GCC_OPTIONS='-v' '-o' 'CMakeFiles/cmTC_55916.dir/CMakeCXXCompilerABI.cpp.o' '-c' '-shared-libgcc' '-mtune=generic' '-march=x86-64'
 as -v --64 -o CMakeFiles/cmTC_55916.dir/CMakeCXXCompilerABI.cpp.o /tmp/ccMqXME1.s
GNU assembler version 2.27 (x86_64-redhat-linux) using BFD version version 2.27-44.base.el7
COMPILER_PATH=/root/.gcc/10.2.0/libexec/gcc/x86_64-pc-linux-gnu/10.2.0/:/root/.gcc/10.2.0/libexec/gcc/x86_64-pc-linux-gnu/10.2.0/:/root/.gcc/10.2.0/libexec/gcc/x86_64-pc-linux-gnu/:/root/.gcc/10.2.0/lib/gcc/x86_64-pc-linux-gnu/10.2.0/:/root/.gcc/10.2.0/lib/gcc/x86_64-pc-linux-gnu/
LIBRARY_PATH=/root/.gcc/10.2.0/lib/gcc/x86_64-pc-linux-gnu/10.2.0/:/root/.gcc/10.2.0/lib/gcc/x86_64-pc-linux-gnu/10.2.0/../../../../lib64/:/lib/../lib64/:/usr/lib/../lib64/:/root/.gcc/10.2.0/lib/gcc/x86_64-pc-linux-gnu/10.2.0/../../../:/lib/:/usr/lib/
COLLECT_GCC_OPTIONS='-v' '-o' 'CMakeFiles/cmTC_55916.dir/CMakeCXXCompilerABI.cpp.o' '-c' '-shared-libgcc' '-mtune=generic' '-march=x86-64'
Linking CXX executable cmTC_55916
/usr/local/bin/cmake -E cmake_link_script CMakeFiles/cmTC_55916.dir/link.txt --verbose=1
/root/.gcc/10.2.0/bin/g++      -v CMakeFiles/cmTC_55916.dir/CMakeCXXCompilerABI.cpp.o  -o cmTC_55916 
Using built-in specs.
COLLECT_GCC=/root/.gcc/10.2.0/bin/g++
COLLECT_LTO_WRAPPER=/root/.gcc/10.2.0/libexec/gcc/x86_64-pc-linux-gnu/10.2.0/lto-wrapper
Target: x86_64-pc-linux-gnu
Configured with: ../gcc-10.2.0/configure --enable-languages=c,c++ --disable-multilib --prefix=/root/.gcc/10.2.0
Thread model: posix
Supported LTO compression algorithms: zlib
gcc version 10.2.0 (GCC) 
COMPILER_PATH=/root/.gcc/10.2.0/libexec/gcc/x86_64-pc-linux-gnu/10.2.0/:/root/.gcc/10.2.0/libexec/gcc/x86_64-pc-linux-gnu/10.2.0/:/root/.gcc/10.2.0/libexec/gcc/x86_64-pc-linux-gnu/:/root/.gcc/10.2.0/lib/gcc/x86_64-pc-linux-gnu/10.2.0/:/root/.gcc/10.2.0/lib/gcc/x86_64-pc-linux-gnu/
LIBRARY_PATH=/root/.gcc/10.2.0/lib/gcc/x86_64-pc-linux-gnu/10.2.0/:/root/.gcc/10.2.0/lib/gcc/x86_64-pc-linux-gnu/10.2.0/../../../../lib64/:/lib/../lib64/:/usr/lib/../lib64/:/root/.gcc/10.2.0/lib/gcc/x86_64-pc-linux-gnu/10.2.0/../../../:/lib/:/usr/lib/
COLLECT_GCC_OPTIONS='-v' '-o' 'cmTC_55916' '-shared-libgcc' '-mtune=generic' '-march=x86-64'
 /root/.gcc/10.2.0/libexec/gcc/x86_64-pc-linux-gnu/10.2.0/collect2 -plugin /root/.gcc/10.2.0/libexec/gcc/x86_64-pc-linux-gnu/10.2.0/liblto_plugin.so -plugin-opt=/root/.gcc/10.2.0/libexec/gcc/x86_64-pc-linux-gnu/10.2.0/lto-wrapper -plugin-opt=-fresolution=/tmp/cc57PfY4.res -plugin-opt=-pass-through=-lgcc_s -plugin-opt=-pass-through=-lgcc -plugin-opt=-pass-through=-lc -plugin-opt=-pass-through=-lgcc_s -plugin-opt=-pass-through=-lgcc --eh-frame-hdr -m elf_x86_64 -dynamic-linker /lib64/ld-linux-x86-64.so.2 -o cmTC_55916 /lib/../lib64/crt1.o /lib/../lib64/crti.o /root/.gcc/10.2.0/lib/gcc/x86_64-pc-linux-gnu/10.2.0/crtbegin.o -L/root/.gcc/10.2.0/lib/gcc/x86_64-pc-linux-gnu/10.2.0 -L/root/.gcc/10.2.0/lib/gcc/x86_64-pc-linux-gnu/10.2.0/../../../../lib64 -L/lib/../lib64 -L/usr/lib/../lib64 -L/root/.gcc/10.2.0/lib/gcc/x86_64-pc-linux-gnu/10.2.0/../../.. CMakeFiles/cmTC_55916.dir/CMakeCXXCompilerABI.cpp.o -lstdc++ -lm -lgcc_s -lgcc -lc -lgcc_s -lgcc /root/.gcc/10.2.0/lib/gcc/x86_64-pc-linux-gnu/10.2.0/crtend.o /lib/../lib64/crtn.o
COLLECT_GCC_OPTIONS='-v' '-o' 'cmTC_55916' '-shared-libgcc' '-mtune=generic' '-march=x86-64'
gmake[1]: Leaving directory `/root/cnftools/build/CMakeFiles/CMakeTmp'



Parsed CXX implicit include dir info from above output: rv=done
  found start of include info
  found start of implicit include info
    add: [/root/.gcc/10.2.0/lib/gcc/x86_64-pc-linux-gnu/10.2.0/../../../../include/c++/10.2.0]
    add: [/root/.gcc/10.2.0/lib/gcc/x86_64-pc-linux-gnu/10.2.0/../../../../include/c++/10.2.0/x86_64-pc-linux-gnu]
    add: [/root/.gcc/10.2.0/lib/gcc/x86_64-pc-linux-gnu/10.2.0/../../../../include/c++/10.2.0/backward]
    add: [/root/.gcc/10.2.0/lib/gcc/x86_64-pc-linux-gnu/10.2.0/include]
    add: [/usr/local/include]
    add: [/root/.gcc/10.2.0/include]
    add: [/root/.gcc/10.2.0/lib/gcc/x86_64-pc-linux-gnu/10.2.0/include-fixed]
    add: [/usr/include]
  end of search list found
  collapse include dir [/root/.gcc/10.2.0/lib/gcc/x86_64-pc-linux-gnu/10.2.0/../../../../include/c++/10.2.0] ==> [/root/.gcc/10.2.0/include/c++/10.2.0]
  collapse include dir [/root/.gcc/10.2.0/lib/gcc/x86_64-pc-linux-gnu/10.2.0/../../../../include/c++/10.2.0/x86_64-pc-linux-gnu] ==> [/root/.gcc/10.2.0/include/c++/10.2.0/x86_64-pc-linux-gnu]
  collapse include dir [/root/.gcc/10.2.0/lib/gcc/x86_64-pc-linux-gnu/10.2.0/../../../../include/c++/10.2.0/backward] ==> [/root/.gcc/10.2.0/include/c++/10.2.0/backward]
  collapse include dir [/root/.gcc/10.2.0/lib/gcc/x86_64-pc-linux-gnu/10.2.0/include] ==> [/root/.gcc/10.2.0/lib/gcc/x86_64-pc-linux-gnu/10.2.0/include]
  collapse include dir [/usr/local/include] ==> [/usr/local/include]
  collapse include dir [/root/.gcc/10.2.0/include] ==> [/root/.gcc/10.2.0/include]
  collapse include dir [/root/.gcc/10.2.0/lib/gcc/x86_64-pc-linux-gnu/10.2.0/include-fixed] ==> [/root/.gcc/10.2.0/lib/gcc/x86_64-pc-linux-gnu/10.2.0/include-fixed]
  collapse include dir [/usr/include] ==> [/usr/include]
  implicit include dirs: [/root/.gcc/10.2.0/include/c++/10.2.0;/root/.gcc/10.2.0/include/c++/10.2.0/x86_64-pc-linux-gnu;/root/.gcc/10.2.0/include/c++/10.2.0/backward;/root/.gcc/10.2.0/lib/gcc/x86_64-pc-linux-gnu/10.2.0/include;/usr/local/include;/root/.gcc/10.2.0/include;/root/.gcc/10.2.0/lib/gcc/x86_64-pc-linux-gnu/10.2.0/include-fixed;/usr/include]


Parsed CXX implicit link information from above output:
  link line regex: [^( *|.*[/\])(ld|CMAKE_LINK_STARTFILE-NOTFOUND|([^/\]+-)?ld|collect2)[^/\]*( |$)]
  ignore line: [Change Dir: /root/cnftools/build/CMakeFiles/CMakeTmp]
  ignore line: []
  ignore line: [Run Build Command(s):/bin/gmake cmTC_55916/fast && /bin/gmake  -f CMakeFiles/cmTC_55916.dir/build.make CMakeFiles/cmTC_55916.dir/build]
  ignore line: [gmake[1]: Entering directory `/root/cnftools/build/CMakeFiles/CMakeTmp']
  ignore line: [Building CXX object CMakeFiles/cmTC_55916.dir/CMakeCXXCompilerABI.cpp.o]
  ignore line: [/root/.gcc/10.2.0/bin/g++    -v -o CMakeFiles/cmTC_55916.dir/CMakeCXXCompilerABI.cpp.o -c /usr/local/share/cmake-3.17/Modules/CMakeCXXCompilerABI.cpp]
  ignore line: [Using built-in specs.]
  ignore line: [COLLECT_GCC=/root/.gcc/10.2.0/bin/g++]
  ignore line: [Target: x86_64-pc-linux-gnu]
  ignore line: [Configured with: ../gcc-10.2.0/configure --enable-languages=c c++ --disable-multilib --prefix=/root/.gcc/10.2.0]
  ignore line: [Thread model: posix]
  ignore line: [Supported LTO compression algorithms: zlib]
  ignore line: [gcc version 10.2.0 (GCC) ]
  ignore line: [COLLECT_GCC_OPTIONS='-v' '-o' 'CMakeFiles/cmTC_55916.dir/CMakeCXXCompilerABI.cpp.o' '-c' '-shared-libgcc' '-mtune=generic' '-march=x86-64']
  ignore line: [ /root/.gcc/10.2.0/libexec/gcc/x86_64-pc-linux-gnu/10.2.0/cc1plus -quiet -v -D_GNU_SOURCE /usr/local/share/cmake-3.17/Modules/CMakeCXXCompilerABI.cpp -quiet -dumpbase CMakeCXXCompilerABI.cpp -mtune=generic -march=x86-64 -auxbase-strip CMakeFiles/cmTC_55916.dir/CMakeCXXCompilerABI.cpp.o -version -o /tmp/ccMqXME1.s]
  ignore line: [GNU C++14 (GCC) version 10.2.0 (x86_64-pc-linux-gnu)]
  ignore line: [	compiled by GNU C version 10.2.0  GMP version 6.0.0  MPFR version 3.1.1  MPC version 1.0.1  isl version none]
  ignore line: [GGC heuristics: --param ggc-min-expand=100 --param ggc-min-heapsize=131072]
  ignore line: [ignoring nonexistent directory "/root/.gcc/10.2.0/lib/gcc/x86_64-pc-linux-gnu/10.2.0/../../../../x86_64-pc-linux-gnu/include"]
  ignore line: [#include "..." search starts here:]
  ignore line: [#include <...> search starts here:]
  ignore line: [ /root/.gcc/10.2.0/lib/gcc/x86_64-pc-linux-gnu/10.2.0/../../../../include/c++/10.2.0]
  ignore line: [ /root/.gcc/10.2.0/lib/gcc/x86_64-pc-linux-gnu/10.2.0/../../../../include/c++/10.2.0/x86_64-pc-linux-gnu]
  ignore line: [ /root/.gcc/10.2.0/lib/gcc/x86_64-pc-linux-gnu/10.2.0/../../../../include/c++/10.2.0/backward]
  ignore line: [ /root/.gcc/10.2.0/lib/gcc/x86_64-pc-linux-gnu/10.2.0/include]
  ignore line: [ /usr/local/include]
  ignore line: [ /root/.gcc/10.2.0/include]
  ignore line: [ /root/.gcc/10.2.0/lib/gcc/x86_64-pc-linux-gnu/10.2.0/include-fixed]
  ignore line: [ /usr/include]
  ignore line: [End of search list.]
  ignore line: [GNU C++14 (GCC) version 10.2.0 (x86_64-pc-linux-gnu)]
  ignore line: [	compiled by GNU C version 10.2.0  GMP version 6.0.0  MPFR version 3.1.1  MPC version 1.0.1  isl version none]
  ignore line: [GGC heuristics: --param ggc-min-expand=100 --param ggc-min-heapsize=131072]
  ignore line: [Compiler executable checksum: 41c913ec8c8d7dd83dd3a11ce6ca6b9e]
  ignore line: [COLLECT_GCC_OPTIONS='-v' '-o' 'CMakeFiles/cmTC_55916.dir/CMakeCXXCompilerABI.cpp.o' '-c' '-shared-libgcc' '-mtune=generic' '-march=x86-64']
  ignore line: [ as -v --64 -o CMakeFiles/cmTC_55916.dir/CMakeCXXCompilerABI.cpp.o /tmp/ccMqXME1.s]
  ignore line: [GNU assembler version 2.27 (x86_64-redhat-linux) using BFD version version 2.27-44.base.el7]
  ignore line: [COMPILER_PATH=/root/.gcc/10.2.0/libexec/gcc/x86_64-pc-linux-gnu/10.2.0/:/root/.gcc/10.2.0/libexec/gcc/x86_64-pc-linux-gnu/10.2.0/:/root/.gcc/10.2.0/libexec/gcc/x86_64-pc-linux-gnu/:/root/.gcc/10.2.0/lib/gcc/x86_64-pc-linux-gnu/10.2.0/:/root/.gcc/10.2.0/lib/gcc/x86_64-pc-linux-gnu/]
  ignore line: [LIBRARY_PATH=/root/.gcc/10.2.0/lib/gcc/x86_64-pc-linux-gnu/10.2.0/:/root/.gcc/10.2.0/lib/gcc/x86_64-pc-linux-gnu/10.2.0/../../../../lib64/:/lib/../lib64/:/usr/lib/../lib64/:/root/.gcc/10.2.0/lib/gcc/x86_64-pc-linux-gnu/10.2.0/../../../:/lib/:/usr/lib/]
  ignore line: [COLLECT_GCC_OPTIONS='-v' '-o' 'CMakeFiles/cmTC_55916.dir/CMakeCXXCompilerABI.cpp.o' '-c' '-shared-libgcc' '-mtune=generic' '-march=x86-64']
  ignore line: [Linking CXX executable cmTC_55916]
  ignore line: [/usr/local/bin/cmake -E cmake_link_script CMakeFiles/cmTC_55916.dir/link.txt --verbose=1]
  ignore line: [/root/.gcc/10.2.0/bin/g++      -v CMakeFiles/cmTC_55916.dir/CMakeCXXCompilerABI.cpp.o  -o cmTC_55916 ]
  ignore line: [Using built-in specs.]
  ignore line: [COLLECT_GCC=/root/.gcc/10.2.0/bin/g++]
  ignore line: [COLLECT_LTO_WRAPPER=/root/.gcc/10.2.0/libexec/gcc/x86_64-pc-linux-gnu/10.2.0/lto-wrapper]
  ignore line: [Target: x86_64-pc-linux-gnu]
  ignore line: [Configured with: ../gcc-10.2.0/configure --enable-languages=c c++ --disable-multilib --prefix=/root/.gcc/10.2.0]
  ignore line: [Thread model: posix]
  ignore line: [Supported LTO compression algorithms: zlib]
  ignore line: [gcc version 10.2.0 (GCC) ]
  ignore line: [COMPILER_PATH=/root/.gcc/10.2.0/libexec/gcc/x86_64-pc-linux-gnu/10.2.0/:/root/.gcc/10.2.0/libexec/gcc/x86_64-pc-linux-gnu/10.2.0/:/root/.gcc/10.2.0/libexec/gcc/x86_64-pc-linux-gnu/:/root/.gcc/10.2.0/lib/gcc/x86_64-pc-linux-gnu/10.2.0/:/root/.gcc/10.2.0/lib/gcc/x86_64-pc-linux-gnu/]
  ignore line: [LIBRARY_PATH=/root/.gcc/10.2.0/lib/gcc/x86_64-pc-linux-gnu/10.2.0/:/root/.gcc/10.2.0/lib/gcc/x86_64-pc-linux-gnu/10.2.0/../../../../lib64/:/lib/../lib64/:/usr/lib/../lib64/:/root/.gcc/10.2.0/lib/gcc/x86_64-pc-linux-gnu/10.2.0/../../../:/lib/:/usr/lib/]
  ignore line: [COLLECT_GCC_OPTIONS='-v' '-o' 'cmTC_55916' '-shared-libgcc' '-mtune=generic' '-march=x86-64']
  link line: [ /root/.gcc/10.2.0/libexec/gcc/x86_64-pc-linux-gnu/10.2.0/collect2 -plugin /root/.gcc/10.2.0/libexec/gcc/x86_64-pc-linux-gnu/10.2.0/liblto_plugin.so -plugin-opt=/root/.gcc/10.2.0/libexec/gcc/x86_64-pc-linux-gnu/10.2.0/lto-wrapper -plugin-opt=-fresolution=/tmp/cc57PfY4.res -plugin-opt=-pass-through=-lgcc_s -plugin-opt=-pass-through=-lgcc -plugin-opt=-pass-through=-lc -plugin-opt=-pass-through=-lgcc_s -plugin-opt=-pass-through=-lgcc --eh-frame-hdr -m elf_x86_64 -dynamic-linker /lib64/ld-linux-x86-64.so.2 -o cmTC_55916 /lib/../lib64/crt1.o /lib/../lib64/crti.o /root/.gcc/10.2.0/lib/gcc/x86_64-pc-linux-gnu/10.2.0/crtbegin.o -L/root/.gcc/10.2.0/lib/gcc/x86_64-pc-linux-gnu/10.2.0 -L/root/.gcc/10.2.0/lib/gcc/x86_64-pc-linux-gnu/10.2.0/../../../../lib64 -L/lib/../lib64 -L/usr/lib/../lib64 -L/root/.gcc/10.2.0/lib/gcc/x86_64-pc-linux-gnu/10.2.0/../../.. CMakeFiles/cmTC_55916.dir/CMakeCXXCompilerABI.cpp.o -lstdc++ -lm -lgcc_s -lgcc -lc -lgcc_s -lgcc /root/.gcc/10.2.0/lib/gcc/x86_64-pc-linux-gnu/10.2.0/crtend.o /lib/../lib64/crtn.o]
    arg [/root/.gcc/10.2.0/libexec/gcc/x86_64-pc-linux-gnu/10.2.0/collect2] ==> ignore
    arg [-plugin] ==> ignore
    arg [/root/.gcc/10.2.0/libexec/gcc/x86_64-pc-linux-gnu/10.2.0/liblto_plugin.so] ==> ignore
    arg [-plugin-opt=/root/.gcc/10.2.0/libexec/gcc/x86_64-pc-linux-gnu/10.2.0/lto-wrapper] ==> ignore
    arg [-plugin-opt=-fresolution=/tmp/cc57PfY4.res] ==> ignore
    arg [-plugin-opt=-pass-through=-lgcc_s] ==> ignore
    arg [-plugin-opt=-pass-through=-lgcc] ==> ignore
    arg [-plugin-opt=-pass-through=-lc] ==> ignore
    arg [-plugin-opt=-pass-through=-lgcc_s] ==> ignore
    arg [-plugin-opt=-pass-through=-lgcc] ==> ignore
    arg [--eh-frame-hdr] ==> ignore
    arg [-m] ==> ignore
    arg [elf_x86_64] ==> ignore
    arg [-dynamic-linker] ==> ignore
    arg [/lib64/ld-linux-x86-64.so.2] ==> ignore
    arg [-o] ==> ignore
    arg [cmTC_55916] ==> ignore
    arg [/lib/../lib64/crt1.o] ==> ignore
    arg [/lib/../lib64/crti.o] ==> ignore
    arg [/root/.gcc/10.2.0/lib/gcc/x86_64-pc-linux-gnu/10.2.0/crtbegin.o] ==> ignore
    arg [-L/root/.gcc/10.2.0/lib/gcc/x86_64-pc-linux-gnu/10.2.0] ==> dir [/root/.gcc/10.2.0/lib/gcc/x86_64-pc-linux-gnu/10.2.0]
    arg [-L/root/.gcc/10.2.0/lib/gcc/x86_64-pc-linux-gnu/10.2.0/../../../../lib64] ==> dir [/root/.gcc/10.2.0/lib/gcc/x86_64-pc-linux-gnu/10.2.0/../../../../lib64]
    arg [-L/lib/../lib64] ==> dir [/lib/../lib64]
    arg [-L/usr/lib/../lib64] ==> dir [/usr/lib/../lib64]
    arg [-L/root/.gcc/10.2.0/lib/gcc/x86_64-pc-linux-gnu/10.2.0/../../..] ==> dir [/root/.gcc/10.2.0/lib/gcc/x86_64-pc-linux-gnu/10.2.0/../../..]
    arg [CMakeFiles/cmTC_55916.dir/CMakeCXXCompilerABI.cpp.o] ==> ignore
    arg [-lstdc++] ==> lib [stdc++]
    arg [-lm] ==> lib [m]
    arg [-lgcc_s] ==> lib [gcc_s]
    arg [-lgcc] ==> lib [gcc]
    arg [-lc] ==> lib [c]
    arg [-lgcc_s] ==> lib [gcc_s]
    arg [-lgcc] ==> lib [gcc]
    arg [/root/.gcc/10.2.0/lib/gcc/x86_64-pc-linux-gnu/10.2.0/crtend.o] ==> ignore
    arg [/lib/../lib64/crtn.o] ==> ignore
  collapse library dir [/root/.gcc/10.2.0/lib/gcc/x86_64-pc-linux-gnu/10.2.0] ==> [/root/.gcc/10.2.0/lib/gcc/x86_64-pc-linux-gnu/10.2.0]
  collapse library dir [/root/.gcc/10.2.0/lib/gcc/x86_64-pc-linux-gnu/10.2.0/../../../../lib64] ==> [/root/.gcc/10.2.0/lib64]
  collapse library dir [/lib/../lib64] ==> [/lib64]
  collapse library dir [/usr/lib/../lib64] ==> [/usr/lib64]
  collapse library dir [/root/.gcc/10.2.0/lib/gcc/x86_64-pc-linux-gnu/10.2.0/../../..] ==> [/root/.gcc/10.2.0/lib]
  implicit libs: [stdc++;m;gcc_s;gcc;c;gcc_s;gcc]
  implicit dirs: [/root/.gcc/10.2.0/lib/gcc/x86_64-pc-linux-gnu/10.2.0;/root/.gcc/10.2.0/lib64;/lib64;/usr/lib64;/root/.gcc/10.2.0/lib]
  implicit fwks: []


